<?xml version="1.0" encoding="UTF-8"?>
<testsuite xmlns:xsi="http://www.w3.org/2001/XMLSchema-instance" xsi:noNamespaceSchemaLocation="https://maven.apache.org/surefire/maven-surefire-plugin/xsd/surefire-test-report-3.0.xsd" version="3.0" name="com.microservices.inventoryservices.InventoryServicesApplicationTests" time="3.869" tests="1" errors="0" skipped="0" failures="0">
  <properties>
[...]
</properties>
  <testcase name="contextLoads" classname="com.microservices.inventoryservices.InventoryServicesApplicationTests" time="0.373">
    <system-out><![CDATA[17:01:02.872 [main] INFO org.springframework.test.context.support.AnnotationConfigContextLoaderUtils -- Could not detect default configuration classes for test class [com.microservices.inventoryservices.InventoryServicesApplicationTests]: InventoryServicesApplicationTests does not declare any static, non-private, non-final, nested classes annotated with @Configuration.
17:01:02.952 [main] INFO org.springframework.boot.test.context.SpringBootTestContextBootstrapper -- Found @SpringBootConfiguration com.microservices.inventoryservices.InventoryServicesApplication for test class com.microservices.inventoryservices.InventoryServicesApplicationTests

  .   ____          _            __ _ _
 /\\ / ___'_ __ _ _(_)_ __  __ _ \ \ \ \
( ( )\___ | '_ | '_| | '_ \/ _` | \ \ \ \
 \\/  ___)| |_)| | | | | || (_| |  ) ) ) )
  '  |____| .__|_| |_|_| |_\__, | / / / /
 =========|_|==============|___/=/_/_/_/
 :: Spring Boot ::                (v3.1.0)

2023-05-27T17:01:03.256+05:45  INFO 17040 --- [           main] c.m.i.InventoryServicesApplicationTests  : Starting InventoryServicesApplicationTests using Java 18.0.1.1 with PID 17040 (started by Acer in E:\Microservice\microservices-new\inventory-service)
2023-05-27T17:01:03.257+05:45  INFO 17040 --- [           main] c.m.i.InventoryServicesApplicationTests  : No active profile set, falling back to 1 default profile: "default"
2023-05-27T17:01:03.742+05:45  INFO 17040 --- [           main] .s.d.r.c.RepositoryConfigurationDelegate : Bootstrapping Spring Data JPA repositories in DEFAULT mode.
2023-05-27T17:01:03.790+05:45  INFO 17040 --- [           main] .s.d.r.c.RepositoryConfigurationDelegate : Finished Spring Data repository scanning in 41 ms. Found 1 JPA repository interfaces.
2023-05-27T17:01:04.218+05:45  INFO 17040 --- [           main] o.hibernate.jpa.internal.util.LogHelper  : HHH000204: Processing PersistenceUnitInfo [name: default]
2023-05-27T17:01:04.283+05:45  INFO 17040 --- [           main] org.hibernate.Version                    : HHH000412: Hibernate ORM core version 6.2.2.Final
2023-05-27T17:01:04.285+05:45  INFO 17040 --- [           main] org.hibernate.cfg.Environment            : HHH000406: Using bytecode reflection optimizer
2023-05-27T17:01:04.434+05:45  INFO 17040 --- [           main] o.h.b.i.BytecodeProviderInitiator        : HHH000021: Bytecode provider name : bytebuddy
2023-05-27T17:01:04.535+05:45  INFO 17040 --- [           main] o.s.o.j.p.SpringPersistenceUnitInfo      : No LoadTimeWeaver setup: ignoring JPA class transformer
2023-05-27T17:01:04.548+05:45  INFO 17040 --- [           main] com.zaxxer.hikari.HikariDataSource       : HikariPool-1 - Starting...
2023-05-27T17:01:04.707+05:45  INFO 17040 --- [           main] com.zaxxer.hikari.pool.HikariPool        : HikariPool-1 - Added connection com.mysql.cj.jdbc.ConnectionImpl@409732fb
2023-05-27T17:01:04.710+05:45  INFO 17040 --- [           main] com.zaxxer.hikari.HikariDataSource       : HikariPool-1 - Start completed.
2023-05-27T17:01:04.768+05:45  INFO 17040 --- [           main] org.hibernate.orm.dialect                : HHH035001: Using dialect: org.hibernate.dialect.MySQLDialect, version: 8.0.30
2023-05-27T17:01:04.921+05:45  INFO 17040 --- [           main] o.h.b.i.BytecodeProviderInitiator        : HHH000021: Bytecode provider name : bytebuddy
2023-05-27T17:01:05.370+05:45  INFO 17040 --- [           main] o.h.e.t.j.p.i.JtaPlatformInitiator       : HHH000490: Using JtaPlatform implementation: [org.hibernate.engine.transaction.jta.platform.internal.NoJtaPlatform]
Hibernate: drop table if exists t_inventory
Hibernate: create table t_inventory (quantity integer, id bigint not null auto_increment, sku_code varchar(255), primary key (id)) engine=InnoDB
2023-05-27T17:01:05.445+05:45  INFO 17040 --- [           main] o.h.t.s.i.e.GenerationTargetToDatabase   : HHH000476: Executing script '[injected ScriptSourceInputNonExistentImpl script]'
2023-05-27T17:01:05.447+05:45  INFO 17040 --- [           main] j.LocalContainerEntityManagerFactoryBean : Initialized JPA EntityManagerFactory for persistence unit 'default'
2023-05-27T17:01:05.856+05:45  WARN 17040 --- [           main] JpaBaseConfiguration$JpaWebConfiguration : spring.jpa.open-in-view is enabled by default. Therefore, database queries may be performed during view rendering. Explicitly configure spring.jpa.open-in-view to disable this warning
2023-05-27T17:01:06.157+05:45  INFO 17040 --- [           main] c.m.i.InventoryServicesApplicationTests  : Started InventoryServicesApplicationTests in 3.092 seconds (process running for 3.839)
Hibernate: insert into t_inventory (quantity,sku_code) values (?,?)
Hibernate: insert into t_inventory (quantity,sku_code) values (?,?)
]]></system-out>
  </testcase>
</testsuite>