<?xml version="1.0" encoding="UTF-8"?>
<testsuite xmlns:xsi="http://www.w3.org/2001/XMLSchema-instance" xsi:noNamespaceSchemaLocation="https://maven.apache.org/surefire/maven-surefire-plugin/xsd/surefire-test-report-3.0.xsd" version="3.0" name="com.microservice.productservice.ProductServiceApplicationTests" time="7.074" tests="1" errors="0" skipped="0" failures="0">
  <properties>
[...]
</properties>
  <testcase name="shouldCreateProduct" classname="com.microservice.productservice.ProductServiceApplicationTests" time="0.864">
    <system-out><![CDATA[17:00:46.283 [main] INFO org.springframework.test.context.support.AnnotationConfigContextLoaderUtils -- Could not detect default configuration classes for test class [com.microservice.productservice.ProductServiceApplicationTests]: ProductServiceApplicationTests does not declare any static, non-private, non-final, nested classes annotated with @Configuration.
17:00:46.369 [main] INFO org.springframework.boot.test.context.SpringBootTestContextBootstrapper -- Found @SpringBootConfiguration com.microservice.productservice.ProductServiceApplication for test class com.microservice.productservice.ProductServiceApplicationTests
17:00:46.534 [main] INFO org.testcontainers.utility.ImageNameSubstitutor -- Image name substitution will be performed by: DefaultImageNameSubstitutor (composite of 'ConfigurationFileImageNameSubstitutor' and 'PrefixingImageNameSubstitutor')
17:00:46.706 [main] INFO org.testcontainers.dockerclient.DockerClientProviderStrategy -- Loaded org.testcontainers.dockerclient.NpipeSocketClientProviderStrategy from ~/.testcontainers.properties, will try it first
17:00:46.957 [main] INFO org.testcontainers.dockerclient.DockerClientProviderStrategy -- Found Docker environment with local Npipe socket (npipe:////./pipe/docker_engine)
17:00:46.958 [main] INFO org.testcontainers.DockerClientFactory -- Docker host IP address is localhost
17:00:46.975 [main] INFO org.testcontainers.DockerClientFactory -- Connected to docker: 
  Server Version: 23.0.5
  API Version: 1.42
  Operating System: Docker Desktop
  Total Memory: 7619 MB
17:00:46.996 [main] INFO tc.testcontainers/ryuk:0.4.0 -- Creating container for image: testcontainers/ryuk:0.4.0
17:00:47.172 [main] INFO org.testcontainers.utility.RegistryAuthLocator -- Credential helper/store (docker-credential-desktop) does not have credentials for https://index.docker.io/v1/
17:00:47.349 [main] INFO tc.testcontainers/ryuk:0.4.0 -- Container testcontainers/ryuk:0.4.0 is starting: d724db1f1e0f9ba91b79044b8c002ec2135bad28241409425335eb3377f01b85
17:00:47.952 [main] INFO tc.testcontainers/ryuk:0.4.0 -- Container testcontainers/ryuk:0.4.0 started in PT0.9715818S
17:00:47.962 [main] INFO org.testcontainers.utility.RyukResourceReaper -- Ryuk started - will monitor and terminate Testcontainers containers on JVM exit
17:00:47.962 [main] INFO org.testcontainers.DockerClientFactory -- Checking the system...
17:00:47.963 [main] INFO org.testcontainers.DockerClientFactory -- ✔︎ Docker server version should be at least 1.6.0
17:00:47.964 [main] INFO tc.mongo:4.4.3 -- Creating container for image: mongo:4.4.3
17:00:48.180 [main] INFO tc.mongo:4.4.3 -- Container mongo:4.4.3 is starting: bcaed069a8ab2ae5157732e38c1f177e2fefa82f301d17b291052cce79cdbcd1
17:00:49.795 [main] INFO tc.mongo:4.4.3 -- Container mongo:4.4.3 started in PT1.8321819S

  .   ____          _            __ _ _
 /\\ / ___'_ __ _ _(_)_ __  __ _ \ \ \ \
( ( )\___ | '_ | '_| | '_ \/ _` | \ \ \ \
 \\/  ___)| |_)| | | | | || (_| |  ) ) ) )
  '  |____| .__|_| |_|_| |_\__, | / / / /
 =========|_|==============|___/=/_/_/_/
 :: Spring Boot ::                (v3.1.0)

2023-05-27T17:00:50.751+05:45  INFO 20188 --- [           main] c.m.p.ProductServiceApplicationTests     : Starting ProductServiceApplicationTests using Java 18.0.1.1 with PID 20188 (started by Acer in E:\Microservice\microservices-new\product-service)
2023-05-27T17:00:50.753+05:45  INFO 20188 --- [           main] c.m.p.ProductServiceApplicationTests     : No active profile set, falling back to 1 default profile: "default"
2023-05-27T17:00:51.245+05:45  INFO 20188 --- [           main] .s.d.r.c.RepositoryConfigurationDelegate : Bootstrapping Spring Data MongoDB repositories in DEFAULT mode.
2023-05-27T17:00:51.291+05:45  INFO 20188 --- [           main] .s.d.r.c.RepositoryConfigurationDelegate : Finished Spring Data repository scanning in 42 ms. Found 1 MongoDB repository interfaces.
2023-05-27T17:00:51.672+05:45  INFO 20188 --- [           main] org.mongodb.driver.client                : MongoClient with metadata {"driver": {"name": "mongo-java-driver|sync|spring-boot", "version": "4.9.1"}, "os": {"type": "Windows", "name": "Windows 11", "architecture": "amd64", "version": "10.0"}, "platform": "Java/Oracle Corporation/18.0.1.1+2-6"} created with settings MongoClientSettings{readPreference=primary, writeConcern=WriteConcern{w=null, wTimeout=null ms, journal=null}, retryWrites=true, retryReads=true, readConcern=ReadConcern{level=null}, credential=null, streamFactoryFactory=null, commandListeners=[], codecRegistry=ProvidersCodecRegistry{codecProviders=[ValueCodecProvider{}, BsonValueCodecProvider{}, DBRefCodecProvider{}, DBObjectCodecProvider{}, DocumentCodecProvider{}, CollectionCodecProvider{}, IterableCodecProvider{}, MapCodecProvider{}, GeoJsonCodecProvider{}, GridFSFileCodecProvider{}, Jsr310CodecProvider{}, JsonObjectCodecProvider{}, BsonCodecProvider{}, EnumCodecProvider{}, com.mongodb.client.model.mql.ExpressionCodecProvider@3d0d120b, com.mongodb.Jep395RecordCodecProvider@6b5c134e]}, loggerSettings=LoggerSettings{maxDocumentLength=1000}, clusterSettings={hosts=[localhost:51332], srvServiceName=mongodb, mode=SINGLE, requiredClusterType=UNKNOWN, requiredReplicaSetName='null', serverSelector='null', clusterListeners='[]', serverSelectionTimeout='30000 ms', localThreshold='30000 ms'}, socketSettings=SocketSettings{connectTimeoutMS=10000, readTimeoutMS=0, receiveBufferSize=0, sendBufferSize=0}, heartbeatSocketSettings=SocketSettings{connectTimeoutMS=10000, readTimeoutMS=10000, receiveBufferSize=0, sendBufferSize=0}, connectionPoolSettings=ConnectionPoolSettings{maxSize=100, minSize=0, maxWaitTimeMS=120000, maxConnectionLifeTimeMS=0, maxConnectionIdleTimeMS=0, maintenanceInitialDelayMS=0, maintenanceFrequencyMS=60000, connectionPoolListeners=[], maxConnecting=2}, serverSettings=ServerSettings{heartbeatFrequencyMS=10000, minHeartbeatFrequencyMS=500, serverListeners='[]', serverMonitorListeners='[]'}, sslSettings=SslSettings{enabled=false, invalidHostNameAllowed=false, context=null}, applicationName='null', compressorList=[], uuidRepresentation=JAVA_LEGACY, serverApi=null, autoEncryptionSettings=null, contextProvider=null}
2023-05-27T17:00:51.695+05:45  INFO 20188 --- [localhost:51332] org.mongodb.driver.cluster               : Monitor thread successfully connected to server with description ServerDescription{address=localhost:51332, type=REPLICA_SET_PRIMARY, state=CONNECTED, ok=true, minWireVersion=0, maxWireVersion=9, maxDocumentSize=16777216, logicalSessionTimeoutMinutes=30, roundTripTimeNanos=22017200, setName='docker-rs', canonicalAddress=bcaed069a8ab:27017, hosts=[bcaed069a8ab:27017], passives=[], arbiters=[], primary='bcaed069a8ab:27017', tagSet=TagSet{[]}, electionId=7fffffff0000000000000001, setVersion=1, topologyVersion=TopologyVersion{processId=6471e66457531e2a2ab41485, counter=6}, lastWriteDate=Sat May 27 17:00:50 NPT 2023, lastUpdateTimeNanos=361705968653800}
2023-05-27T17:00:52.335+05:45  INFO 20188 --- [           main] o.s.b.t.m.w.SpringBootMockServletContext : Initializing Spring TestDispatcherServlet ''
2023-05-27T17:00:52.336+05:45  INFO 20188 --- [           main] o.s.t.web.servlet.TestDispatcherServlet  : Initializing Servlet ''
2023-05-27T17:00:52.338+05:45  INFO 20188 --- [           main] o.s.t.web.servlet.TestDispatcherServlet  : Completed initialization in 1 ms
2023-05-27T17:00:52.354+05:45  INFO 20188 --- [           main] c.m.p.ProductServiceApplicationTests     : Started ProductServiceApplicationTests in 1.837 seconds (process running for 6.629)
2023-05-27T17:00:53.192+05:45  INFO 20188 --- [           main] c.m.p.services.ProductService            : Product created: 6471e6693e725c4ca2e1a84d
]]></system-out>
  </testcase>
</testsuite>